  StageScreen.cpp
c:\program files (x86)\microsoft visual studio 14.0\vc\include\utility(172): warning C4244: 'initializing': conversion from 'int' to 'float', possible loss of data
  c:\users\aviva teplinsky\desktop\aque_energizer\aque_energizer\object.h(4): note: see reference to function template instantiation 'std::pair<float,float>::pair<int,int,void,0>(_Other1 &&,_Other2 &&) noexcept' being compiled
          with
          [
              _Other1=int,
              _Other2=int
          ]
c:\users\aviva teplinsky\desktop\aque_energizer\aque_energizer\stagescreen.cpp(190): warning C4244: 'argument': conversion from 'double' to 'unsigned int', possible loss of data
c:\users\aviva teplinsky\desktop\aque_energizer\aque_energizer\stagescreen.cpp(492): warning C4244: 'argument': conversion from 'unsigned int' to 'float', possible loss of data
c:\users\aviva teplinsky\desktop\aque_energizer\aque_energizer\stagescreen.cpp(542): warning C4018: '<': signed/unsigned mismatch
c:\users\aviva teplinsky\desktop\aque_energizer\aque_energizer\stagescreen.cpp(544): warning C4018: '<': signed/unsigned mismatch
c:\users\aviva teplinsky\desktop\aque_energizer\aque_energizer\utilities.h(19): warning C4715: '`anonymous namespace'::getDirectionFromVector': not all control paths return a value
c:\users\aviva teplinsky\desktop\aque_energizer\aque_energizer\utilities.h(33): warning C4715: '`anonymous namespace'::getVectorDirection': not all control paths return a value
c:\users\aviva teplinsky\desktop\aque_energizer\aque_energizer\utilities.h(53): warning C4715: '`anonymous namespace'::getRandomDirection': not all control paths return a value
c:\users\aviva teplinsky\desktop\aque_energizer\aque_energizer\dataendscreen.h(67): warning C4715: 'DataEndScreen::handleEvent': not all control paths return a value
     Creating library C:\Users\Aviva Teplinsky\Desktop\Aque_energizer\Debug\Aque_energizer.lib and object C:\Users\Aviva Teplinsky\Desktop\Aque_energizer\Debug\Aque_energizer.exp
sfml-main-d.lib(MainWin32.cpp.obj) : warning LNK4099: PDB 'vc140.pdb' was not found with 'sfml-main-d.lib(MainWin32.cpp.obj)' or at 'C:\Users\Aviva Teplinsky\Desktop\Aque_energizer\Debug\vc140.pdb'; linking object as if no debug info
  Aque_energizer.vcxproj -> C:\Users\Aviva Teplinsky\Desktop\Aque_energizer\Debug\Aque_energizer.exe
  Aque_energizer.vcxproj -> C:\Users\Aviva Teplinsky\Desktop\Aque_energizer\Debug\Aque_energizer.pdb (Full PDB)
