c:\users\צופיה\documents\visual studio 2015\projects\aque_energizer\debug\aque_energizer.lib
c:\users\צופיה\documents\visual studio 2015\projects\aque_energizer\debug\aque_energizer.exp
c:\users\צופיה\documents\visual studio 2015\projects\aque_energizer\aque_energizer\debug\vc140.pdb
c:\users\צופיה\documents\visual studio 2015\projects\aque_energizer\aque_energizer\debug\vc140.idb
c:\users\צופיה\documents\visual studio 2015\projects\aque_energizer\aque_energizer\debug\ball.obj
c:\users\צופיה\documents\visual studio 2015\projects\aque_energizer\aque_energizer\debug\bomb.obj
c:\users\צופיה\documents\visual studio 2015\projects\aque_energizer\aque_energizer\debug\controller.obj
c:\users\צופיה\documents\visual studio 2015\projects\aque_energizer\aque_energizer\debug\crab.obj
c:\users\צופיה\documents\visual studio 2015\projects\aque_energizer\aque_energizer\debug\energizer.obj
c:\users\צופיה\documents\visual studio 2015\projects\aque_energizer\aque_energizer\debug\help.obj
c:\users\צופיה\documents\visual studio 2015\projects\aque_energizer\aque_energizer\debug\infotoolbar.obj
c:\users\צופיה\documents\visual studio 2015\projects\aque_energizer\aque_energizer\debug\menuscreen.obj
c:\users\צופיה\documents\visual studio 2015\projects\aque_energizer\aque_energizer\debug\moveable.obj
c:\users\צופיה\documents\visual studio 2015\projects\aque_energizer\aque_energizer\debug\nemo.obj
c:\users\צופיה\documents\visual studio 2015\projects\aque_energizer\aque_energizer\debug\object.obj
c:\users\צופיה\documents\visual studio 2015\projects\aque_energizer\aque_energizer\debug\rock.obj
c:\users\צופיה\documents\visual studio 2015\projects\aque_energizer\aque_energizer\debug\singeltonsound.obj
c:\users\צופיה\documents\visual studio 2015\projects\aque_energizer\aque_energizer\debug\source.obj
c:\users\צופיה\documents\visual studio 2015\projects\aque_energizer\aque_energizer\debug\stagescreen.obj
c:\users\צופיה\documents\visual studio 2015\projects\aque_energizer\aque_energizer\debug\staticobject.obj
c:\users\צופיה\documents\visual studio 2015\projects\aque_energizer\debug\aque_energizer.ilk
c:\users\צופיה\documents\visual studio 2015\projects\aque_energizer\debug\aque_energizer.exe
c:\users\צופיה\documents\visual studio 2015\projects\aque_energizer\debug\aque_energizer.pdb
c:\users\צופיה\documents\visual studio 2015\projects\aque_energizer\aque_energizer\debug\aque_energizer.tlog\aque_energizer.write.1u.tlog
c:\users\צופיה\documents\visual studio 2015\projects\aque_energizer\aque_energizer\debug\aque_energizer.tlog\cl.command.1.tlog
c:\users\צופיה\documents\visual studio 2015\projects\aque_energizer\aque_energizer\debug\aque_energizer.tlog\cl.read.1.tlog
c:\users\צופיה\documents\visual studio 2015\projects\aque_energizer\aque_energizer\debug\aque_energizer.tlog\cl.write.1.tlog
c:\users\צופיה\documents\visual studio 2015\projects\aque_energizer\aque_energizer\debug\aque_energizer.tlog\link.command.1.tlog
c:\users\צופיה\documents\visual studio 2015\projects\aque_energizer\aque_energizer\debug\aque_energizer.tlog\link.read.1.tlog
c:\users\צופיה\documents\visual studio 2015\projects\aque_energizer\aque_energizer\debug\aque_energizer.tlog\link.write.1.tlog
